2026-02-17 18:20:16 - Filters - INFO - Init Gaussian Blur filter with arguments: image = lena.png, sigmaX = 5, sigmaY = 5, ksize = (5, 5), borderType = 0
2026-02-17 18:20:16 - Filters - INFO - Gaussian Blur filter success executed
2026-02-17 18:21:16 - Filters - INFO - Init Gaussian Blur filter with arguments: image = lena.png, sigmaX = 5, sigmaY = 5, ksize = (5, 5), borderType = 0
2026-02-17 18:21:16 - Filters - INFO - Gaussian Blur filter success executed
2026-02-19 14:48:12 - Filters - INFO - Init Gaussian Blur filter with arguments: image = lena.png, sigmaX = 5, sigmaY = 5, ksize = (5, 5), borderType = 0
2026-02-19 14:48:12 - Filters - INFO - Gaussian Blur filter success executed
2026-02-19 15:03:03 - Filters - INFO - Init Gaussian Blur filter with arguments: image = lena.png, sigmaX = 5, sigmaY = 5, ksize = (5, 5), borderType = 0
2026-02-19 15:03:03 - Filters - INFO - Gaussian Blur filter success executed
2026-02-19 15:04:35 - Filters - INFO - Init Gaussian Blur filter with arguments: image = lena.png, sigmaX = 5, sigmaY = 5, ksize = (5, 5), borderType = 0
2026-02-19 15:04:35 - Filters - INFO - Gaussian Blur filter success executed
2026-02-19 15:08:23 - Filters - INFO - Init Gaussian Blur filter with arguments: image = lena.png, sigmaX = 5, sigmaY = 5, ksize = (5, 5), borderType = 0
2026-02-19 15:08:23 - Filters - INFO - Gaussian Blur filter success executed
2026-02-19 15:11:02 - Filters - INFO - Init Gaussian Blur filter with arguments: image = lena.png, sigmaX = 5, sigmaY = 5, ksize = (5, 5), borderType = 0
2026-02-19 15:11:02 - Filters - INFO - Gaussian Blur filter success executed
2026-02-19 15:12:27 - Filters - INFO - Init Gaussian Blur filter with arguments: image = lena.png, sigmaX = 5, sigmaY = 5, ksize = (5, 5), borderType = 0
2026-02-19 15:12:27 - Filters - INFO - Gaussian Blur filter success executed
2026-02-19 15:12:53 - Filters - INFO - Init Gaussian Blur filter with arguments: image = lena.png, sigmaX = 5, sigmaY = 5, ksize = (5, 5), borderType = 0
2026-02-19 15:12:53 - Filters - INFO - Gaussian Blur filter success executed
2026-02-19 15:14:29 - Filters - INFO - Init Gaussian Blur filter with arguments: image = lena.png, sigmaX = 5, sigmaY = 5, ksize = (5, 5), borderType = 0
2026-02-19 15:14:29 - Filters - INFO - Gaussian Blur filter success executed
2026-02-19 15:15:14 - Filters - INFO - Init Gaussian Blur filter with arguments: image = lena.png, sigmaX = 5, sigmaY = 5, ksize = (5, 5), borderType = 0
2026-02-19 15:15:14 - Filters - INFO - Gaussian Blur filter success executed
2026-02-19 15:16:00 - Filters - INFO - Init Gaussian Blur filter with arguments: image = lena.png, sigmaX = 5, sigmaY = 5, ksize = (5, 5), borderType = 0
2026-02-19 15:16:00 - Filters - INFO - Gaussian Blur filter success executed
2026-02-19 15:16:12 - Filters - INFO - Init Gaussian Blur filter with arguments: image = lena.png, sigmaX = 5, sigmaY = 5, ksize = (5, 5), borderType = 0
2026-02-19 15:16:12 - Filters - INFO - Gaussian Blur filter success executed
2026-02-19 15:16:57 - Filters - INFO - Init Gaussian Blur filter with arguments: image = lena.png, sigmaX = 5, sigmaY = 5, ksize = (5, 5), borderType = 0
2026-02-19 15:16:57 - Filters - INFO - Gaussian Blur filter success executed
2026-02-19 15:17:04 - Filters - INFO - Init Gaussian Blur filter with arguments: image = lena.png, sigmaX = 5, sigmaY = 5, ksize = (5, 5), borderType = 0
2026-02-19 15:17:04 - Filters - INFO - Gaussian Blur filter success executed
2026-02-19 15:17:19 - Filters - INFO - Init Gaussian Blur filter with arguments: image = lena.png, sigmaX = 5, sigmaY = 5, ksize = (5, 5), borderType = 0
2026-02-19 15:17:19 - Filters - INFO - Gaussian Blur filter success executed
2026-02-19 15:17:41 - Filters - INFO - Init Gaussian Blur filter with arguments: image = lena.png, sigmaX = 5, sigmaY = 5, ksize = (5, 5), borderType = 0
2026-02-19 15:17:41 - Filters - INFO - Gaussian Blur filter success executed
2026-02-19 15:19:28 - Filters - INFO - Init Gaussian Blur filter with arguments: image = lena.png, sigmaX = 5, sigmaY = 5, ksize = (5, 5), borderType = 0
2026-02-19 15:19:28 - Filters - INFO - Gaussian Blur filter success executed
2026-02-19 15:19:39 - Filters - INFO - Init Gaussian Blur filter with arguments: image = lena.png, sigmaX = 5, sigmaY = 5, ksize = (5, 5), borderType = 0
2026-02-19 15:19:39 - Filters - INFO - Gaussian Blur filter success executed
2026-02-19 15:19:47 - Filters - INFO - Init Gaussian Blur filter with arguments: image = lena.png, sigmaX = 5, sigmaY = 5, ksize = (5, 5), borderType = 0
2026-02-19 15:19:47 - Filters - INFO - Gaussian Blur filter success executed
2026-02-19 15:19:54 - Filters - INFO - Init Gaussian Blur filter with arguments: image = lena.png, sigmaX = 5, sigmaY = 5, ksize = (5, 5), borderType = 0
2026-02-19 15:19:54 - Filters - INFO - Gaussian Blur filter success executed
2026-02-19 15:20:32 - Filters - INFO - Init Gaussian Blur filter with arguments: image = lena.png, sigmaX = 5, sigmaY = 5, ksize = (5, 5), borderType = 0
2026-02-19 15:20:32 - Filters - INFO - Gaussian Blur filter success executed
2026-02-19 15:22:35 - Filters - INFO - Init Gaussian Blur filter with arguments: image = lena.png, sigmaX = 5, sigmaY = 5, ksize = (5, 5), borderType = 0
2026-02-19 15:22:35 - Filters - INFO - Gaussian Blur filter success executed
2026-02-19 15:25:20 - Filters - INFO - Init Gaussian Blur filter with arguments: image = lena.png, sigmaX = 5, sigmaY = 5, ksize = (5, 5), borderType = 0
2026-02-19 15:26:34 - Filters - INFO - Init Gaussian Blur filter with arguments: image = [[[125 137 226]
  [125 137 226]
  [133 137 223]
  ...
  [122 148 230]
  [110 130 221]
  [ 90  99 200]]

 [[125 137 226]
  [125 137 226]
  [133 137 223]
  ...
  [122 148 230]
  [110 130 221]
  [ 90  99 200]]

 [[125 137 226]
  [125 137 226]
  [133 137 223]
  ...
  [122 148 230]
  [110 130 221]
  [ 90  99 200]]

 ...

 [[ 60  18  84]
  [ 60  18  84]
  [ 58  27  92]
  ...
  [ 84  73 173]
  [ 76  68 172]
  [ 79  62 177]]

 [[ 57  22  82]
  [ 57  22  82]
  [ 62  32  96]
  ...
  [ 79  70 179]
  [ 81  71 181]
  [ 81  74 185]]

 [[ 57  22  82]
  [ 57  22  82]
  [ 62  32  96]
  ...
  [ 79  70 179]
  [ 81  71 181]
  [ 81  74 185]]], sigmaX = 5, sigmaY = 5, ksize = (5, 5), borderType = 0
2026-02-19 15:26:34 - Filters - INFO - Gaussian Blur filter success executed
2026-02-19 15:26:37 - Filters - INFO - Init Canny Edge Detection with arguments: image = [[[128 137 225]
  [127 137 225]
  [126 137 225]
  ...
  [114 135 223]
  [111 131 221]
  [110 130 220]]

 [[128 137 225]
  [127 137 225]
  [126 137 225]
  ...
  [114 135 223]
  [111 131 221]
  [110 130 220]]

 [[128 137 225]
  [127 137 225]
  [126 137 225]
  ...
  [114 135 223]
  [111 131 221]
  [110 130 220]]

 ...

 [[ 60  25  88]
  [ 60  25  88]
  [ 61  26  90]
  ...
  [ 80  67 171]
  [ 78  67 173]
  [ 79  68 173]]

 [[ 59  25  87]
  [ 59  24  87]
  [ 61  26  90]
  ...
  [ 81  69 175]
  [ 80  69 177]
  [ 80  70 177]]

 [[ 59  24  87]
  [ 59  23  87]
  [ 60  25  90]
  ...
  [ 81  70 176]
  [ 79  69 178]
  [ 80  70 178]]], thresholdInf = 1, thresholdSup = 100, edgesImage = None, aptureSize = 3, L2gradient = False
2026-02-19 15:26:37 - Filters - INFO - Canny Edge Detection success executed
2026-02-19 15:26:49 - Filters - INFO - Init Gaussian Blur filter with arguments: image = lena.png, sigmaX = 5, sigmaY = 5, ksize = (5, 5), borderType = 0
2026-02-19 15:26:49 - Filters - INFO - Gaussian Blur filter success executed
2026-02-19 15:26:50 - Filters - INFO - Init Canny Edge Detection with arguments: image = [[[128 137 225]
  [127 137 225]
  [126 137 225]
  ...
  [114 135 223]
  [111 131 221]
  [110 130 220]]

 [[128 137 225]
  [127 137 225]
  [126 137 225]
  ...
  [114 135 223]
  [111 131 221]
  [110 130 220]]

 [[128 137 225]
  [127 137 225]
  [126 137 225]
  ...
  [114 135 223]
  [111 131 221]
  [110 130 220]]

 ...

 [[ 60  25  88]
  [ 60  25  88]
  [ 61  26  90]
  ...
  [ 80  67 171]
  [ 78  67 173]
  [ 79  68 173]]

 [[ 59  25  87]
  [ 59  24  87]
  [ 61  26  90]
  ...
  [ 81  69 175]
  [ 80  69 177]
  [ 80  70 177]]

 [[ 59  24  87]
  [ 59  23  87]
  [ 60  25  90]
  ...
  [ 81  70 176]
  [ 79  69 178]
  [ 80  70 178]]], thresholdInf = 1, thresholdSup = 100, edgesImage = None, aptureSize = 3, L2gradient = False
2026-02-19 15:26:50 - Filters - INFO - Canny Edge Detection success executed
2026-02-19 15:28:16 - Filters - INFO - Init Gaussian Blur filter with arguments: sigmaX = 5, sigmaY = 5, ksize = (5, 5), borderType = 0
2026-02-19 15:28:16 - Filters - INFO - Gaussian Blur filter success executed
2026-02-19 15:28:17 - Filters - INFO - Init Canny Edge Detection with arguments: thresholdInf = 1, thresholdSup = 100, edgesImage = None, aptureSize = 3, L2gradient = False
2026-02-19 15:28:17 - Filters - INFO - Canny Edge Detection success executed
2026-02-19 15:35:33 - Filters - INFO - Init Gaussian Blur filter with arguments: sigmaX = 5, sigmaY = 5, ksize = (5, 5), borderType = 0
2026-02-19 15:35:33 - Filters - INFO - Gaussian Blur filter success executed
2026-02-19 15:35:34 - Filters - INFO - Init Canny Edge Detection with arguments: thresholdInf = 1, thresholdSup = 100, edgesImage = None, aptureSize = 3, L2gradient = False
2026-02-19 15:35:34 - Filters - INFO - Canny Edge Detection success executed
2026-02-19 15:35:35 - Filters - INFO - Init Median Filter with arguments: ksize = 1, medianImg = None
2026-02-19 15:42:23 - Filters - INFO - Init Gaussian Blur filter with arguments: sigmaX = 5, sigmaY = 5, ksize = (5, 5), borderType = 0
2026-02-19 15:42:23 - Filters - INFO - Gaussian Blur filter success executed
2026-02-19 15:42:23 - Filters - INFO - Init Canny Edge Detection with arguments: thresholdInf = 1, thresholdSup = 100, edgesImage = None, aptureSize = 3, L2gradient = False
2026-02-19 15:42:23 - Filters - INFO - Canny Edge Detection success executed
2026-02-19 15:42:24 - Filters - INFO - Init Median Filter with arguments: ksize = 3, medianImg = None
2026-02-19 15:43:09 - Filters - INFO - Init Gaussian Blur filter with arguments: sigmaX = 5, sigmaY = 5, ksize = (5, 5), borderType = 0
2026-02-19 15:43:10 - Filters - INFO - Gaussian Blur filter success executed
2026-02-19 15:43:10 - Filters - INFO - Init Canny Edge Detection with arguments: thresholdInf = 1, thresholdSup = 100, edgesImage = None, aptureSize = 3, L2gradient = False
2026-02-19 15:43:10 - Filters - INFO - Canny Edge Detection success executed
2026-02-19 15:43:11 - Filters - INFO - Init Median Filter with arguments: ksize = 3, medianImg = None
2026-02-19 15:43:30 - Filters - INFO - Init Gaussian Blur filter with arguments: sigmaX = 5, sigmaY = 5, ksize = (5, 5), borderType = 0
2026-02-19 15:43:30 - Filters - INFO - Gaussian Blur filter success executed
2026-02-19 15:43:31 - Filters - INFO - Init Canny Edge Detection with arguments: thresholdInf = 1, thresholdSup = 100, edgesImage = None, aptureSize = 3, L2gradient = False
2026-02-19 15:43:31 - Filters - INFO - Canny Edge Detection success executed
2026-02-19 15:43:32 - Filters - INFO - Init Median Filter with arguments: ksize = 3, medianImg = None
2026-02-19 15:55:04 - Filters - INFO - Init Gaussian Blur filter with arguments: sigmaX = 5, sigmaY = 5, ksize = (5, 5), borderType = 0
2026-02-19 15:55:04 - Filters - INFO - Gaussian Blur filter success executed
2026-02-19 15:55:04 - Filters - INFO - Init Canny Edge Detection with arguments: thresholdInf = 1, thresholdSup = 100, edgesImage = None, aptureSize = 3, L2gradient = False
2026-02-19 15:55:04 - Filters - INFO - Canny Edge Detection success executed
2026-02-19 15:55:23 - Filters - INFO - Init Gaussian Blur filter with arguments: sigmaX = 5, sigmaY = 5, ksize = (5, 5), borderType = 0
2026-02-19 15:55:23 - Filters - INFO - Gaussian Blur filter success executed
2026-02-19 15:55:24 - Filters - INFO - Init Canny Edge Detection with arguments: thresholdInf = 1, thresholdSup = 100, edgesImage = None, aptureSize = 3, L2gradient = False
2026-02-19 15:55:24 - Filters - INFO - Canny Edge Detection success executed
2026-02-19 15:55:24 - Filters - INFO - Init Median Filter with arguments: ksize = 3
2026-02-19 15:55:24 - Filters - INFO - Canny Edge Detection success executed
2026-02-19 15:55:36 - Filters - INFO - Init Gaussian Blur filter with arguments: sigmaX = 5, sigmaY = 5, ksize = (5, 5), borderType = 0
2026-02-19 15:55:36 - Filters - INFO - Gaussian Blur filter success executed
2026-02-19 15:55:36 - Filters - INFO - Init Canny Edge Detection with arguments: thresholdInf = 1, thresholdSup = 100, edgesImage = None, aptureSize = 3, L2gradient = False
2026-02-19 15:55:36 - Filters - INFO - Canny Edge Detection success executed
2026-02-19 15:55:36 - Filters - INFO - Init Median Filter with arguments: ksize = 1
2026-02-19 15:55:36 - Filters - ERROR - The ksize number must be an odd number greater than or equal to 3
2026-02-19 15:57:14 - Filters - INFO - Init Gaussian Blur filter with arguments: sigmaX = 5, sigmaY = 5, ksize = (5, 5), borderType = 0
2026-02-19 15:57:14 - Filters - INFO - Gaussian Blur filter success executed
2026-02-19 15:57:14 - Filters - INFO - Init Canny Edge Detection with arguments: thresholdInf = 1, thresholdSup = 100, edgesImage = None, aptureSize = 3, L2gradient = False
2026-02-19 15:57:14 - Filters - INFO - Canny Edge Detection success executed
2026-02-19 15:57:15 - Filters - INFO - Init Median Filter with arguments: ksize = 1
2026-02-19 15:57:15 - Filters - ERROR - The ksize number must be an odd number greater than or equal to 3
2026-02-19 15:57:15 - Filters - ERROR - Canny Edge Detection failed: result is None
2026-02-19 15:58:10 - Filters - INFO - Init Gaussian Blur filter with arguments: sigmaX = 5, sigmaY = 5, ksize = (5, 5), borderType = 0
2026-02-19 15:58:10 - Filters - INFO - Gaussian Blur filter success executed
2026-02-19 15:58:10 - Filters - INFO - Init Canny Edge Detection with arguments: thresholdInf = 1, thresholdSup = 100, edgesImage = None, aptureSize = 3, L2gradient = False
2026-02-19 15:58:10 - Filters - INFO - Canny Edge Detection success executed
2026-02-19 15:58:11 - Filters - INFO - Init Median Filter with arguments: ksize = 1
2026-02-19 15:58:11 - Filters - ERROR - The ksize number must be an odd number greater than or equal to 3
2026-02-19 15:58:11 - Filters - ERROR - Canny Edge Detection failed: result is None
2026-02-19 16:03:23 - Filters - INFO - Init Gaussian Blur filter with arguments: sigmaX = 5, sigmaY = 5, ksize = (5, 5), borderType = 0
2026-02-19 16:03:23 - Filters - INFO - Gaussian Blur filter success executed
2026-02-19 16:03:23 - Filters - INFO - Init Canny Edge Detection with arguments: thresholdInf = 1, thresholdSup = 100, edgesImage = None, aptureSize = 3, L2gradient = False
2026-02-19 16:03:23 - Filters - INFO - Canny Edge Detection success executed
2026-02-19 16:03:24 - Filters - INFO - Init Median Filter with arguments: ksize = 1
2026-02-19 16:03:24 - Filters - ERROR - The ksize number must be an odd number greater than or equal to 3
2026-02-19 16:03:24 - Filters - ERROR - Canny Edge Detection failed: result is None
2026-02-19 16:03:57 - Filters - INFO - Init Gaussian Blur filter with arguments: sigmaX = 5, sigmaY = 5, ksize = (5, 5), borderType = 0
2026-02-19 16:03:57 - Filters - INFO - Gaussian Blur filter success executed
2026-02-19 16:04:14 - Filters - INFO - Init Gaussian Blur filter with arguments: sigmaX = 5, sigmaY = 5, ksize = (5, 5), borderType = 0
2026-02-19 16:04:14 - Filters - INFO - Gaussian Blur filter success executed
2026-02-19 16:04:15 - Filters - INFO - Init Canny Edge Detection with arguments: thresholdInf = 1, thresholdSup = 100, aptureSize = 3, L2gradient = False
2026-02-19 16:04:49 - Filters - INFO - Init Gaussian Blur filter with arguments: sigmaX = 5, sigmaY = 5, ksize = (5, 5), borderType = 0
2026-02-19 16:04:49 - Filters - INFO - Gaussian Blur filter success executed
2026-02-19 16:04:50 - Filters - INFO - Init Canny Edge Detection with arguments: thresholdInf = 1, thresholdSup = 100, edgesImage = None, aptureSize = 3, L2gradient = False
2026-02-19 16:04:50 - Filters - INFO - Canny Edge Detection success executed
2026-02-19 16:04:51 - Filters - INFO - Init Median Filter with arguments: ksize = 1
2026-02-19 16:04:51 - Filters - ERROR - The ksize number must be an odd number greater than or equal to 3
2026-02-19 16:04:51 - Filters - ERROR - Canny Edge Detection failed: result is None
2026-02-19 16:05:33 - Filters - INFO - Init Gaussian Blur filter with arguments: sigmaX = 5, sigmaY = 5, ksize = (5, 5), borderType = 0
2026-02-19 16:05:33 - Filters - INFO - Gaussian Blur filter success executed
2026-02-19 16:05:34 - Filters - INFO - Init Canny Edge Detection with arguments: thresholdInf = 1, thresholdSup = 100, edgesImage = None, aptureSize = 3, L2gradient = False
2026-02-19 16:05:34 - Filters - INFO - Canny Edge Detection success executed
2026-02-19 16:05:34 - Filters - INFO - Init Median Filter with arguments: ksize = 1
2026-02-19 16:05:34 - Filters - ERROR - The ksize number must be an odd number greater than or equal to 3
2026-02-19 16:05:34 - Filters - ERROR - Median Filter failed: result is None
2026-02-19 16:05:47 - Filters - INFO - Init Gaussian Blur filter with arguments: sigmaX = 5, sigmaY = 5, ksize = (5, 5), borderType = 0
2026-02-19 16:05:47 - Filters - INFO - Gaussian Blur filter success executed
2026-02-19 16:05:47 - Filters - INFO - Init Canny Edge Detection with arguments: thresholdInf = 1, thresholdSup = 100, edgesImage = None, aptureSize = 3, L2gradient = False
2026-02-19 16:05:47 - Filters - INFO - Canny Edge Detection success executed
2026-02-19 16:05:48 - Filters - INFO - Init Median Filter with arguments: ksize = 2
2026-02-19 16:05:48 - Filters - ERROR - The ksize number must be an odd number greater than or equal to 3
2026-02-19 16:05:48 - Filters - ERROR - Median Filter failed: result is None
2026-02-19 16:05:54 - Filters - INFO - Init Gaussian Blur filter with arguments: sigmaX = 5, sigmaY = 5, ksize = (5, 5), borderType = 0
2026-02-19 16:05:54 - Filters - INFO - Gaussian Blur filter success executed
2026-02-19 16:05:54 - Filters - INFO - Init Canny Edge Detection with arguments: thresholdInf = 1, thresholdSup = 100, edgesImage = None, aptureSize = 3, L2gradient = False
2026-02-19 16:05:54 - Filters - INFO - Canny Edge Detection success executed
2026-02-19 16:05:54 - Filters - INFO - Init Median Filter with arguments: ksize = 5
2026-02-19 16:05:54 - Filters - INFO - Median Filter success executed
2026-02-19 16:06:01 - Filters - INFO - Init Gaussian Blur filter with arguments: sigmaX = 5, sigmaY = 5, ksize = (5, 5), borderType = 0
2026-02-19 16:06:01 - Filters - INFO - Gaussian Blur filter success executed
2026-02-19 16:06:02 - Filters - INFO - Init Canny Edge Detection with arguments: thresholdInf = 1, thresholdSup = 100, edgesImage = None, aptureSize = 3, L2gradient = False
2026-02-19 16:06:02 - Filters - INFO - Canny Edge Detection success executed
2026-02-19 16:06:02 - Filters - INFO - Init Median Filter with arguments: ksize = 7
2026-02-19 16:06:02 - Filters - INFO - Median Filter success executed
2026-02-19 16:21:09 - Filters - INFO - Init Gaussian Blur filter with arguments: sigmaX = 5, sigmaY = 5, ksize = (5, 5), borderType = 0
2026-02-19 16:21:09 - Filters - INFO - Gaussian Blur filter success executed
2026-02-19 16:21:10 - Filters - INFO - Init Canny Edge Detection with arguments: thresholdInf = 1, thresholdSup = 100, aptureSize = 3, L2gradient = False
2026-02-19 16:21:47 - Filters - INFO - Init Gaussian Blur filter with arguments: sigmaX = 5, sigmaY = 5, ksize = (5, 5), borderType = 0
2026-02-19 16:21:47 - Filters - INFO - Gaussian Blur filter success executed
2026-02-19 16:21:47 - Filters - INFO - Init Canny Edge Detection with arguments: thresholdInf = 1, thresholdSup = 100, aptureSize = 3, L2gradient = False
2026-02-19 16:21:47 - Filters - INFO - Canny Edge Detection success executed
2026-02-19 16:21:51 - Filters - INFO - Init Median Filter with arguments: kernel size = 7
2026-02-19 16:21:52 - Filters - INFO - Median Filter success executed
2026-02-19 16:22:49 - Filters - INFO - Init Gaussian Blur filter with arguments: sigmaX = 5, sigmaY = 5, ksize = (5, 5), borderType = 0
2026-02-19 16:22:49 - Filters - INFO - Gaussian Blur filter success executed
2026-02-19 16:22:49 - Filters - INFO - Init Canny Edge Detection with arguments: thresholdInf = 1, thresholdSup = 100, aptureSize = 3, L2gradient = False
2026-02-19 16:22:49 - Filters - INFO - Canny Edge Detection success executed
2026-02-19 16:22:50 - Filters - INFO - Init Median Filter with arguments: kernel size = 7
2026-02-19 16:22:50 - Filters - INFO - Median Filter success executed
2026-02-19 16:24:39 - Filters - INFO - Init Gaussian Blur filter with arguments: sigmaX = 5, sigmaY = 5, ksize = (5, 5), borderType = 0
2026-02-19 16:24:40 - Filters - INFO - Gaussian Blur filter success executed
2026-02-19 16:24:40 - Filters - INFO - Init Canny Edge Detection with arguments: thresholdInf = 1, thresholdSup = 100, aptureSize = 3, L2gradient = False
2026-02-19 16:24:40 - Filters - INFO - Canny Edge Detection success executed
2026-02-19 16:24:42 - Filters - INFO - Init Median Filter with arguments: kernel size = 7
2026-02-19 16:24:42 - Filters - INFO - Median Filter success executed
2026-02-19 16:25:25 - Filters - INFO - Init Gaussian Blur filter with arguments: sigmaX = 5, sigmaY = 5, ksize = (5, 5), borderType = 0
2026-02-19 16:25:25 - Filters - INFO - Gaussian Blur filter success executed
2026-02-19 16:25:26 - Filters - INFO - Init Canny Edge Detection with arguments: thresholdInf = 1, thresholdSup = 100, aptureSize = 3, L2gradient = False
2026-02-19 16:25:26 - Filters - INFO - Canny Edge Detection success executed
2026-02-19 16:25:26 - Filters - INFO - Init Median Filter with arguments: kernel size = 7
2026-02-19 16:25:26 - Filters - INFO - Median Filter success executed
2026-02-19 16:26:23 - Filters - INFO - Init Gaussian Blur filter with arguments: sigmaX = 5, sigmaY = 5, ksize = (5, 5), borderType = 0
2026-02-19 16:26:23 - Filters - INFO - Gaussian Blur filter success executed
2026-02-19 16:26:23 - Filters - INFO - Init Canny Edge Detection with arguments: thresholdInf = 1, thresholdSup = 100, aptureSize = 3, L2gradient = False
2026-02-19 16:26:23 - Filters - INFO - Canny Edge Detection success executed
2026-02-19 16:26:24 - Filters - INFO - Init Median Filter with arguments: kernel size = 7
2026-02-19 16:26:24 - Filters - INFO - Median Filter success executed
2026-02-19 16:27:59 - Filters - INFO - Init Gaussian Blur filter with arguments: sigmaX = 5, sigmaY = 5, ksize = (5, 5), borderType = 0
2026-02-19 16:27:59 - Filters - INFO - Gaussian Blur filter success executed
2026-02-19 16:28:00 - Filters - INFO - Init Canny Edge Detection with arguments: thresholdInf = 1, thresholdSup = 100, aptureSize = 3, L2gradient = False
2026-02-19 16:28:00 - Filters - INFO - Canny Edge Detection success executed
2026-02-19 16:28:00 - Filters - INFO - Init Median Filter with arguments: kernel size = 7
2026-02-19 16:28:00 - Filters - INFO - Median Filter success executed
2026-02-19 16:32:29 - Filters - INFO - Init Gaussian Blur filter with arguments: sigmaX = 5, sigmaY = 5, ksize = (5, 5), borderType = 0
2026-02-19 16:32:29 - Filters - INFO - Gaussian Blur filter success executed
2026-02-19 16:32:30 - Filters - INFO - Init Canny Edge Detection with arguments: thresholdInf = 1, thresholdSup = 100, aptureSize = 3, L2gradient = False
2026-02-19 16:32:30 - Filters - INFO - Canny Edge Detection success executed
2026-02-19 16:32:30 - Filters - INFO - Init Median Filter with arguments: kernel size = 7
2026-02-19 16:32:31 - Filters - INFO - Median Filter success executed
2026-02-19 16:32:31 - Filters - WARNING - Invalid anchor (3, 3) for kernel size (3, 3) Anchor values must satisfy 0 <= anchor < ksize. The system used (-1,-1) for anchor default.
2026-02-19 16:34:29 - Filters - INFO - Init Gaussian Blur filter with arguments: sigmaX = 5, sigmaY = 5, ksize = (5, 5), borderType = 0
2026-02-19 16:34:29 - Filters - INFO - Gaussian Blur filter success executed
2026-02-19 16:34:29 - Filters - INFO - Init Canny Edge Detection with arguments: thresholdInf = 1, thresholdSup = 100, aptureSize = 3, L2gradient = False
2026-02-19 16:34:29 - Filters - INFO - Canny Edge Detection success executed
2026-02-19 16:34:30 - Filters - INFO - Init Median Filter with arguments: kernel size = 7
2026-02-19 16:34:30 - Filters - INFO - Median Filter success executed
2026-02-19 16:34:32 - Filters - INFO - Init Average Filter with arguments: kernel size = 3 anchor = (3, 3) borderType = 4
2026-02-19 16:34:32 - Filters - WARNING - Invalid anchor (3, 3) for kernel size (3, 3) Anchor values must satisfy 0 <= anchor < ksize. The system used (-1,-1) for anchor default.
2026-02-19 16:34:32 - Filters - INFO - Average Filter success executed
2026-02-19 16:41:22 - Filters - INFO - Init Gaussian Blur filter with arguments: sigmaX = 5, sigmaY = 5, ksize = (5, 5), borderType = 0
2026-02-19 16:41:22 - Filters - INFO - Gaussian Blur filter success executed
2026-02-19 16:41:22 - Filters - INFO - Init Canny Edge Detection with arguments: thresholdInf = 1, thresholdSup = 100, aptureSize = 3, L2gradient = False
2026-02-19 16:41:22 - Filters - INFO - Canny Edge Detection success executed
2026-02-19 16:41:23 - Filters - INFO - Init Median Filter with arguments: kernel size = 7
2026-02-19 16:41:24 - Filters - INFO - Median Filter success executed
2026-02-19 16:41:24 - Filters - INFO - Init Average Filter with arguments: kernel size = 3 anchor = (3, 3) borderType = 4
2026-02-19 16:41:24 - Filters - WARNING - Invalid anchor (3, 3) for kernel size (3, 3) Anchor values must satisfy 0 <= anchor < ksize. The system used (-1,-1) for anchor default.
2026-02-19 16:41:24 - Filters - INFO - Average Filter success executed
2026-02-19 16:42:10 - Filters - INFO - Init Gaussian Blur filter with arguments: sigmaX = 5, sigmaY = 5, ksize = (5, 5), borderType = 0
2026-02-19 16:42:10 - Filters - INFO - Gaussian Blur filter success executed
2026-02-19 16:42:11 - Filters - INFO - Init Canny Edge Detection with arguments: thresholdInf = 1, thresholdSup = 100, aptureSize = 3, L2gradient = False
2026-02-19 16:42:11 - Filters - INFO - Canny Edge Detection success executed
2026-02-19 16:42:11 - Filters - INFO - Init Median Filter with arguments: kernel size = 7
2026-02-19 16:42:11 - Filters - INFO - Median Filter success executed
2026-02-19 16:42:12 - Filters - INFO - Init Average Filter with arguments: kernel size = 3 anchor = (3, 3) borderType = 4
2026-02-19 16:42:12 - Filters - WARNING - Invalid anchor (3, 3) for kernel size (3, 3) Anchor values must satisfy 0 <= anchor < ksize. The system used (-1,-1) for anchor default.
2026-02-19 16:42:12 - Filters - INFO - Average Filter success executed
2026-02-19 16:43:41 - Filters - INFO - Init Gaussian Blur filter with arguments: sigmaX = 5, sigmaY = 5, ksize = (5, 5), borderType = 0
2026-02-19 16:43:41 - Filters - INFO - Gaussian Blur filter success executed
2026-02-19 16:43:42 - Filters - INFO - Init Canny Edge Detection with arguments: thresholdInf = 1, thresholdSup = 100, aptureSize = 3, L2gradient = False
2026-02-19 16:43:42 - Filters - INFO - Canny Edge Detection success executed
2026-02-19 16:43:43 - Filters - INFO - Init Median Filter with arguments: kernel size = 7
2026-02-19 16:43:43 - Filters - INFO - Median Filter success executed
2026-02-19 16:43:44 - Filters - INFO - Init Average Filter with arguments: kernel size = 3 anchor = (3, 3) borderType = 4
2026-02-19 16:43:44 - Filters - WARNING - Invalid anchor (3, 3) for kernel size (3, 3) Anchor values must satisfy 0 <= anchor < ksize. The system used (-1,-1) for anchor default.
2026-02-19 16:43:44 - Filters - INFO - Average Filter success executed
2026-02-19 16:44:48 - Filters - INFO - Init Gaussian Blur filter with arguments: sigmaX = 5, sigmaY = 5, ksize = (5, 5), borderType = 0
2026-02-19 16:44:48 - Filters - INFO - Gaussian Blur filter success executed
2026-02-19 16:44:48 - Filters - INFO - Init Canny Edge Detection with arguments: thresholdInf = 1, thresholdSup = 100, aptureSize = 3, L2gradient = False
2026-02-19 16:44:48 - Filters - INFO - Canny Edge Detection success executed
2026-02-19 16:44:49 - Filters - INFO - Init Median Filter with arguments: kernel size = 7
2026-02-19 16:44:49 - Filters - INFO - Median Filter success executed
2026-02-19 16:44:50 - Filters - INFO - Init Average Filter with arguments: kernel size = 3 anchor = (3, 3) borderType = 4
2026-02-19 16:44:50 - Filters - WARNING - Invalid anchor (3, 3) for kernel size (3, 3) Anchor values must satisfy 0 <= anchor < ksize. The system used (-1,-1) for anchor default.
2026-02-19 16:44:50 - Filters - INFO - Average Filter success executed
2026-02-19 16:44:51 - Filters - INFO - Init Bilateral Filter with arguments: kernel size = 9 sigmaColor = 75 sigmaSpace = 75 borderType = 4
2026-02-19 16:44:51 - Filters - INFO - Bilateral Filter success executed
2026-02-19 16:45:01 - Filters - INFO - Init Gaussian Blur filter with arguments: sigmaX = 5, sigmaY = 5, ksize = (5, 5), borderType = 0
2026-02-19 16:45:01 - Filters - INFO - Gaussian Blur filter success executed
2026-02-19 16:45:01 - Filters - INFO - Init Canny Edge Detection with arguments: thresholdInf = 1, thresholdSup = 100, aptureSize = 3, L2gradient = False
2026-02-19 16:45:01 - Filters - INFO - Canny Edge Detection success executed
2026-02-19 16:45:02 - Filters - INFO - Init Median Filter with arguments: kernel size = 7
2026-02-19 16:45:02 - Filters - INFO - Median Filter success executed
2026-02-19 16:45:03 - Filters - INFO - Init Average Filter with arguments: kernel size = 3 anchor = (3, 3) borderType = 4
2026-02-19 16:45:03 - Filters - WARNING - Invalid anchor (3, 3) for kernel size (3, 3) Anchor values must satisfy 0 <= anchor < ksize. The system used (-1,-1) for anchor default.
2026-02-19 16:45:03 - Filters - INFO - Average Filter success executed
2026-02-19 16:45:04 - Filters - INFO - Init Bilateral Filter with arguments: kernel size = 21 sigmaColor = 75 sigmaSpace = 75 borderType = 4
2026-02-19 16:45:04 - Filters - INFO - Bilateral Filter success executed
2026-02-19 16:45:19 - Filters - INFO - Init Gaussian Blur filter with arguments: sigmaX = 5, sigmaY = 5, ksize = (5, 5), borderType = 0
2026-02-19 16:45:19 - Filters - INFO - Gaussian Blur filter success executed
2026-02-19 16:45:20 - Filters - INFO - Init Canny Edge Detection with arguments: thresholdInf = 1, thresholdSup = 100, aptureSize = 3, L2gradient = False
2026-02-19 16:45:20 - Filters - INFO - Canny Edge Detection success executed
2026-02-19 16:45:21 - Filters - INFO - Init Median Filter with arguments: kernel size = 7
2026-02-19 16:45:21 - Filters - INFO - Median Filter success executed
2026-02-19 16:45:22 - Filters - INFO - Init Average Filter with arguments: kernel size = 3 anchor = (3, 3) borderType = 4
2026-02-19 16:45:22 - Filters - WARNING - Invalid anchor (3, 3) for kernel size (3, 3) Anchor values must satisfy 0 <= anchor < ksize. The system used (-1,-1) for anchor default.
2026-02-19 16:45:22 - Filters - INFO - Average Filter success executed
2026-02-19 16:45:25 - Filters - INFO - Init Bilateral Filter with arguments: kernel size = 9 sigmaColor = 100 sigmaSpace = 75 borderType = 4
2026-02-19 16:45:25 - Filters - INFO - Bilateral Filter success executed
2026-02-19 16:46:00 - Filters - INFO - Init Bilateral Filter with arguments: kernel size = 9 sigmaColor = 100 sigmaSpace = 75 borderType = 4
2026-02-19 16:46:00 - Filters - INFO - Bilateral Filter success executed
2026-02-19 16:52:53 - Filters - INFO - Init Gaussian Blur filter with arguments: sigmaX = 5, sigmaY = 5, ksize = (0, 0), borderType = 0
2026-02-19 16:52:53 - Filters - INFO - Gaussian Blur filter success executed
2026-02-19 16:52:58 - Filters - INFO - Init Canny Edge Detection with arguments: thresholdInf = 1, thresholdSup = 100, aptureSize = 3, L2gradient = False
2026-02-19 16:52:58 - Filters - INFO - Canny Edge Detection success executed
2026-02-19 16:52:59 - Filters - INFO - Init Median Filter with arguments: kernel size = 7
2026-02-19 16:52:59 - Filters - INFO - Median Filter success executed
2026-02-19 16:53:00 - Filters - INFO - Init Average Filter with arguments: kernel size = 3 anchor = (3, 3) borderType = 4
2026-02-19 16:53:00 - Filters - WARNING - Invalid anchor (3, 3) for kernel size (3, 3) Anchor values must satisfy 0 <= anchor < ksize. The system used (-1,-1) for anchor default.
2026-02-19 16:53:00 - Filters - INFO - Average Filter success executed
2026-02-19 16:53:02 - Filters - INFO - Init Bilateral Filter with arguments: kernel size = 9 sigmaColor = 100 sigmaSpace = 75 borderType = 4
2026-02-19 16:53:02 - Filters - INFO - Bilateral Filter success executed
2026-02-19 16:57:17 - Filters - INFO - Init Gaussian Blur filter with arguments: sigmaX = 5, sigmaY = 5, ksize = (0, 0), borderType = 0
2026-02-19 16:57:18 - Filters - INFO - Gaussian Blur filter success executed
2026-02-19 16:57:19 - Filters - INFO - Init Canny Edge Detection with arguments: thresholdInf = 1, thresholdSup = 100, aptureSize = 3, L2gradient = False
2026-02-19 16:57:19 - Filters - INFO - Canny Edge Detection success executed
2026-02-19 16:57:20 - Filters - INFO - Init Median Filter with arguments: kernel size = 7
2026-02-19 16:57:20 - Filters - INFO - Median Filter success executed
2026-02-19 16:57:22 - Filters - INFO - Init Average Filter with arguments: kernel size = 3 anchor = (3, 3) borderType = 4
2026-02-19 16:57:22 - Filters - WARNING - Invalid anchor (3, 3) for kernel size (3, 3) Anchor values must satisfy 0 <= anchor < ksize. The system used (-1,-1) for anchor default.
2026-02-19 16:57:22 - Filters - INFO - Average Filter success executed
2026-02-19 16:57:23 - Filters - INFO - Init Bilateral Filter with arguments: kernel size = 9 sigmaColor = 100 sigmaSpace = 75 borderType = 4
2026-02-19 16:57:23 - Filters - INFO - Bilateral Filter success executed
2026-02-19 16:57:24 - Filters - INFO - Init Sobel Operator with arguments: ddepth = 6 dx = 1 dy = 0 ksize = 3 scale = 1 delta = 0 borderType = 4
2026-02-19 16:57:24 - Filters - ERROR - The dx and dy only can be 1 or 0
2026-02-19 16:58:22 - Filters - INFO - Init Gaussian Blur filter with arguments: sigmaX = 5, sigmaY = 5, ksize = (0, 0), borderType = 0
2026-02-19 16:58:22 - Filters - INFO - Gaussian Blur filter success executed
2026-02-19 16:58:22 - Filters - INFO - Init Canny Edge Detection with arguments: thresholdInf = 1, thresholdSup = 100, aptureSize = 3, L2gradient = False
2026-02-19 16:58:22 - Filters - INFO - Canny Edge Detection success executed
2026-02-19 16:58:22 - Filters - INFO - Init Median Filter with arguments: kernel size = 7
2026-02-19 16:58:22 - Filters - INFO - Median Filter success executed
2026-02-19 16:58:22 - Filters - INFO - Init Average Filter with arguments: kernel size = 3 anchor = (3, 3) borderType = 4
2026-02-19 16:58:22 - Filters - WARNING - Invalid anchor (3, 3) for kernel size (3, 3) Anchor values must satisfy 0 <= anchor < ksize. The system used (-1,-1) for anchor default.
2026-02-19 16:58:22 - Filters - INFO - Average Filter success executed
2026-02-19 16:58:23 - Filters - INFO - Init Bilateral Filter with arguments: kernel size = 9 sigmaColor = 100 sigmaSpace = 75 borderType = 4
2026-02-19 16:58:23 - Filters - INFO - Bilateral Filter success executed
2026-02-19 16:58:23 - Filters - INFO - Init Sobel Operator with arguments: ddepth = 6 dx = 1 dy = 0 ksize = 3 scale = 1 delta = 0 borderType = 4
2026-02-19 16:58:23 - Filters - ERROR - The dx and dy only can be 1 or 0
2026-02-19 16:59:23 - Filters - INFO - Init Gaussian Blur filter with arguments: sigmaX = 5, sigmaY = 5, ksize = (0, 0), borderType = 0
2026-02-19 16:59:23 - Filters - INFO - Gaussian Blur filter success executed
2026-02-19 16:59:24 - Filters - INFO - Init Canny Edge Detection with arguments: thresholdInf = 1, thresholdSup = 100, aptureSize = 3, L2gradient = False
2026-02-19 16:59:24 - Filters - INFO - Canny Edge Detection success executed
2026-02-19 16:59:24 - Filters - INFO - Init Median Filter with arguments: kernel size = 7
2026-02-19 16:59:24 - Filters - INFO - Median Filter success executed
2026-02-19 16:59:25 - Filters - INFO - Init Average Filter with arguments: kernel size = 3 anchor = (3, 3) borderType = 4
2026-02-19 16:59:25 - Filters - WARNING - Invalid anchor (3, 3) for kernel size (3, 3) Anchor values must satisfy 0 <= anchor < ksize. The system used (-1,-1) for anchor default.
2026-02-19 16:59:25 - Filters - INFO - Average Filter success executed
2026-02-19 16:59:26 - Filters - INFO - Init Bilateral Filter with arguments: kernel size = 9 sigmaColor = 100 sigmaSpace = 75 borderType = 4
2026-02-19 16:59:26 - Filters - INFO - Bilateral Filter success executed
2026-02-19 16:59:27 - Filters - INFO - Init Sobel Operator with arguments: ddepth = 6 dx = 1 dy = 0 ksize = 3 scale = 1 delta = 0 borderType = 4
2026-02-19 16:59:27 - Filters - INFO - Sobel Operator success executed
2026-02-19 16:59:41 - Filters - INFO - Init Gaussian Blur filter with arguments: sigmaX = 5, sigmaY = 5, ksize = (0, 0), borderType = 0
2026-02-19 16:59:41 - Filters - INFO - Gaussian Blur filter success executed
2026-02-19 16:59:42 - Filters - INFO - Init Canny Edge Detection with arguments: thresholdInf = 1, thresholdSup = 100, aptureSize = 3, L2gradient = False
2026-02-19 16:59:42 - Filters - INFO - Canny Edge Detection success executed
2026-02-19 16:59:42 - Filters - INFO - Init Median Filter with arguments: kernel size = 7
2026-02-19 16:59:42 - Filters - INFO - Median Filter success executed
2026-02-19 16:59:43 - Filters - INFO - Init Average Filter with arguments: kernel size = 3 anchor = (3, 3) borderType = 4
2026-02-19 16:59:43 - Filters - WARNING - Invalid anchor (3, 3) for kernel size (3, 3) Anchor values must satisfy 0 <= anchor < ksize. The system used (-1,-1) for anchor default.
2026-02-19 16:59:43 - Filters - INFO - Average Filter success executed
2026-02-19 16:59:43 - Filters - INFO - Init Bilateral Filter with arguments: kernel size = 9 sigmaColor = 100 sigmaSpace = 75 borderType = 4
2026-02-19 16:59:43 - Filters - INFO - Bilateral Filter success executed
2026-02-19 16:59:44 - Filters - INFO - Init Sobel Operator with arguments: ddepth = 6 dx = 1 dy = 0 ksize = 3 scale = 1 delta = 0 borderType = 4
2026-02-19 16:59:44 - Filters - INFO - Sobel Operator success executed
2026-02-19 17:01:11 - Filters - INFO - Init Gaussian Blur filter with arguments: sigmaX = 5, sigmaY = 5, ksize = (0, 0), borderType = 0
2026-02-19 17:01:11 - Filters - INFO - Gaussian Blur filter success executed
2026-02-19 17:01:11 - Filters - INFO - Init Canny Edge Detection with arguments: thresholdInf = 1, thresholdSup = 100, aptureSize = 3, L2gradient = False
2026-02-19 17:01:11 - Filters - INFO - Canny Edge Detection success executed
2026-02-19 17:01:11 - Filters - INFO - Init Median Filter with arguments: kernel size = 7
2026-02-19 17:01:11 - Filters - INFO - Median Filter success executed
2026-02-19 17:01:12 - Filters - INFO - Init Average Filter with arguments: kernel size = 3 anchor = (3, 3) borderType = 4
2026-02-19 17:01:12 - Filters - WARNING - Invalid anchor (3, 3) for kernel size (3, 3) Anchor values must satisfy 0 <= anchor < ksize. The system used (-1,-1) for anchor default.
2026-02-19 17:01:12 - Filters - INFO - Average Filter success executed
2026-02-19 17:01:12 - Filters - INFO - Init Bilateral Filter with arguments: kernel size = 9 sigmaColor = 100 sigmaSpace = 75 borderType = 4
2026-02-19 17:01:12 - Filters - INFO - Bilateral Filter success executed
2026-02-19 17:01:13 - Filters - INFO - Init Sobel Operator with arguments: ddepth = 6 dx = 1 dy = 0 ksize = 3 scale = 1 delta = 0 borderType = 4
2026-02-19 17:01:13 - Filters - INFO - Sobel Operator success executed
2026-02-19 17:02:10 - Filters - INFO - Init Gaussian Blur filter with arguments: sigmaX = 5, sigmaY = 5, ksize = (0, 0), borderType = 0
2026-02-19 17:02:10 - Filters - INFO - Gaussian Blur filter success executed
2026-02-19 17:02:10 - Filters - INFO - Init Canny Edge Detection with arguments: thresholdInf = 1, thresholdSup = 100, aptureSize = 3, L2gradient = False
2026-02-19 17:02:10 - Filters - INFO - Canny Edge Detection success executed
2026-02-19 17:02:11 - Filters - INFO - Init Median Filter with arguments: kernel size = 7
2026-02-19 17:02:11 - Filters - INFO - Median Filter success executed
2026-02-19 17:02:12 - Filters - INFO - Init Average Filter with arguments: kernel size = 3 anchor = (3, 3) borderType = 4
2026-02-19 17:02:12 - Filters - WARNING - Invalid anchor (3, 3) for kernel size (3, 3) Anchor values must satisfy 0 <= anchor < ksize. The system used (-1,-1) for anchor default.
2026-02-19 17:02:12 - Filters - INFO - Average Filter success executed
2026-02-19 17:02:12 - Filters - INFO - Init Bilateral Filter with arguments: kernel size = 9 sigmaColor = 100 sigmaSpace = 75 borderType = 4
2026-02-19 17:02:12 - Filters - INFO - Bilateral Filter success executed
2026-02-19 17:02:13 - Filters - INFO - Init Sobel Operator with arguments: ddepth = 6 dx = 1 dy = 0 ksize = 3 scale = 1 delta = 0 borderType = 4
2026-02-19 17:02:13 - Filters - INFO - Sobel Operator success executed
2026-02-19 17:03:52 - Filters - INFO - Init Gaussian Blur filter with arguments: sigmaX = 5, sigmaY = 5, ksize = (0, 0), borderType = 0
2026-02-19 17:03:52 - Filters - INFO - Gaussian Blur filter success executed
2026-02-19 17:03:52 - Filters - INFO - Init Canny Edge Detection with arguments: thresholdInf = 1, thresholdSup = 100, aptureSize = 3, L2gradient = False
2026-02-19 17:03:52 - Filters - INFO - Canny Edge Detection success executed
2026-02-19 17:03:52 - Filters - INFO - Init Median Filter with arguments: kernel size = 7
2026-02-19 17:03:52 - Filters - INFO - Median Filter success executed
2026-02-19 17:03:53 - Filters - INFO - Init Average Filter with arguments: kernel size = 3 anchor = (3, 3) borderType = 4
2026-02-19 17:03:53 - Filters - WARNING - Invalid anchor (3, 3) for kernel size (3, 3) Anchor values must satisfy 0 <= anchor < ksize. The system used (-1,-1) for anchor default.
2026-02-19 17:03:53 - Filters - INFO - Average Filter success executed
2026-02-19 17:03:54 - Filters - INFO - Init Bilateral Filter with arguments: kernel size = 9 sigmaColor = 100 sigmaSpace = 75 borderType = 4
2026-02-19 17:03:54 - Filters - INFO - Bilateral Filter success executed
2026-02-19 17:03:54 - Filters - INFO - Init Sobel Operator with arguments: ddepth = 6 dx = 1 dy = 0 ksize = 3 scale = 1 delta = 0 borderType = 4
2026-02-19 17:03:54 - Filters - INFO - Sobel Operator success executed
2026-02-19 17:04:41 - Filters - INFO - Init Gaussian Blur filter with arguments: sigmaX = 5, sigmaY = 5, ksize = (0, 0), borderType = 0
2026-02-19 17:04:41 - Filters - INFO - Gaussian Blur filter success executed
2026-02-19 17:04:41 - Filters - INFO - Init Canny Edge Detection with arguments: thresholdInf = 1, thresholdSup = 100, aptureSize = 3, L2gradient = False
2026-02-19 17:04:41 - Filters - INFO - Canny Edge Detection success executed
2026-02-19 17:04:42 - Filters - INFO - Init Median Filter with arguments: kernel size = 7
2026-02-19 17:04:42 - Filters - INFO - Median Filter success executed
2026-02-19 17:04:42 - Filters - INFO - Init Average Filter with arguments: kernel size = 3 anchor = (3, 3) borderType = 4
2026-02-19 17:04:42 - Filters - WARNING - Invalid anchor (3, 3) for kernel size (3, 3) Anchor values must satisfy 0 <= anchor < ksize. The system used (-1,-1) for anchor default.
2026-02-19 17:04:42 - Filters - INFO - Average Filter success executed
2026-02-19 17:04:42 - Filters - INFO - Init Bilateral Filter with arguments: kernel size = 9 sigmaColor = 100 sigmaSpace = 75 borderType = 4
2026-02-19 17:04:42 - Filters - INFO - Bilateral Filter success executed
2026-02-19 17:04:43 - Filters - INFO - Init Sobel Operator with arguments: ddepth = 6 dx = 1 dy = 0 ksize = 3 scale = 3 delta = 0 borderType = 4
2026-02-19 17:04:43 - Filters - INFO - Sobel Operator success executed
2026-02-19 17:04:49 - Filters - INFO - Init Gaussian Blur filter with arguments: sigmaX = 5, sigmaY = 5, ksize = (0, 0), borderType = 0
2026-02-19 17:04:49 - Filters - INFO - Gaussian Blur filter success executed
2026-02-19 17:04:49 - Filters - INFO - Init Canny Edge Detection with arguments: thresholdInf = 1, thresholdSup = 100, aptureSize = 3, L2gradient = False
2026-02-19 17:04:50 - Filters - INFO - Canny Edge Detection success executed
2026-02-19 17:04:50 - Filters - INFO - Init Median Filter with arguments: kernel size = 7
2026-02-19 17:04:50 - Filters - INFO - Median Filter success executed
2026-02-19 17:04:50 - Filters - INFO - Init Average Filter with arguments: kernel size = 3 anchor = (3, 3) borderType = 4
2026-02-19 17:04:50 - Filters - WARNING - Invalid anchor (3, 3) for kernel size (3, 3) Anchor values must satisfy 0 <= anchor < ksize. The system used (-1,-1) for anchor default.
2026-02-19 17:04:50 - Filters - INFO - Average Filter success executed
2026-02-19 17:04:51 - Filters - INFO - Init Bilateral Filter with arguments: kernel size = 9 sigmaColor = 100 sigmaSpace = 75 borderType = 4
2026-02-19 17:04:51 - Filters - INFO - Bilateral Filter success executed
2026-02-19 17:04:51 - Filters - INFO - Init Sobel Operator with arguments: ddepth = 6 dx = 1 dy = 0 ksize = 3 scale = 3 delta = 0 borderType = 4
2026-02-19 17:04:52 - Filters - INFO - Sobel Operator success executed
2026-02-19 17:05:04 - Filters - INFO - Init Gaussian Blur filter with arguments: sigmaX = 5, sigmaY = 5, ksize = (0, 0), borderType = 0
2026-02-19 17:05:04 - Filters - INFO - Gaussian Blur filter success executed
2026-02-19 17:05:04 - Filters - INFO - Init Canny Edge Detection with arguments: thresholdInf = 1, thresholdSup = 100, aptureSize = 3, L2gradient = False
2026-02-19 17:05:04 - Filters - INFO - Canny Edge Detection success executed
2026-02-19 17:05:04 - Filters - INFO - Init Median Filter with arguments: kernel size = 7
2026-02-19 17:05:04 - Filters - INFO - Median Filter success executed
2026-02-19 17:05:04 - Filters - INFO - Init Average Filter with arguments: kernel size = 3 anchor = (3, 3) borderType = 4
2026-02-19 17:05:04 - Filters - WARNING - Invalid anchor (3, 3) for kernel size (3, 3) Anchor values must satisfy 0 <= anchor < ksize. The system used (-1,-1) for anchor default.
2026-02-19 17:05:04 - Filters - INFO - Average Filter success executed
2026-02-19 17:05:05 - Filters - INFO - Init Bilateral Filter with arguments: kernel size = 9 sigmaColor = 100 sigmaSpace = 75 borderType = 4
2026-02-19 17:05:05 - Filters - INFO - Bilateral Filter success executed
2026-02-19 17:05:05 - Filters - INFO - Init Sobel Operator with arguments: ddepth = 6 dx = 1 dy = 0 ksize = 3 scale = 3 delta = 0 borderType = 4
2026-02-19 17:05:05 - Filters - INFO - Sobel Operator success executed
2026-02-19 17:08:36 - Filters - INFO - Init Gaussian Blur filter with arguments: sigmaX = 5, sigmaY = 5, ksize = (0, 0), borderType = 0
2026-02-19 17:08:36 - Filters - INFO - Gaussian Blur filter success executed
2026-02-19 17:08:36 - Filters - INFO - Init Canny Edge Detection with arguments: thresholdInf = 1, thresholdSup = 100, aptureSize = 3, L2gradient = False
2026-02-19 17:08:36 - Filters - INFO - Canny Edge Detection success executed
2026-02-19 17:08:37 - Filters - INFO - Init Median Filter with arguments: kernel size = 7
2026-02-19 17:08:37 - Filters - INFO - Median Filter success executed
2026-02-19 17:08:37 - Filters - INFO - Init Average Filter with arguments: kernel size = 3 anchor = (3, 3) borderType = 4
2026-02-19 17:08:37 - Filters - WARNING - Invalid anchor (3, 3) for kernel size (3, 3) Anchor values must satisfy 0 <= anchor < ksize. The system used (-1,-1) for anchor default.
2026-02-19 17:08:37 - Filters - INFO - Average Filter success executed
2026-02-19 17:08:38 - Filters - INFO - Init Bilateral Filter with arguments: kernel size = 9 sigmaColor = 100 sigmaSpace = 75 borderType = 4
2026-02-19 17:08:38 - Filters - INFO - Bilateral Filter success executed
2026-02-19 17:08:38 - Filters - INFO - Init Sobel Operator with arguments: ddepth = 6 dx = 1 dy = 0 ksize = 3 scale = 3 delta = 0 borderType = 4
2026-02-19 17:08:38 - Filters - INFO - Sobel Operator success executed
2026-02-19 17:09:50 - Filters - INFO - Init Gaussian Blur filter with arguments: sigmaX = 5, sigmaY = 5, ksize = (0, 0), borderType = 0
2026-02-19 17:09:50 - Filters - INFO - Gaussian Blur filter success executed
2026-02-19 17:09:51 - Filters - INFO - Init Canny Edge Detection with arguments: thresholdInf = 1, thresholdSup = 100, aptureSize = 3, L2gradient = False
2026-02-19 17:09:51 - Filters - INFO - Canny Edge Detection success executed
2026-02-19 17:09:53 - Filters - INFO - Init Median Filter with arguments: kernel size = 7
2026-02-19 17:09:53 - Filters - INFO - Median Filter success executed
2026-02-19 17:09:54 - Filters - INFO - Init Average Filter with arguments: kernel size = 3 anchor = (3, 3) borderType = 4
2026-02-19 17:09:54 - Filters - WARNING - Invalid anchor (3, 3) for kernel size (3, 3) Anchor values must satisfy 0 <= anchor < ksize. The system used (-1,-1) for anchor default.
2026-02-19 17:09:54 - Filters - INFO - Average Filter success executed
2026-02-19 17:09:54 - Filters - INFO - Init Bilateral Filter with arguments: kernel size = 9 sigmaColor = 100 sigmaSpace = 75 borderType = 4
2026-02-19 17:09:54 - Filters - INFO - Bilateral Filter success executed
2026-02-19 17:09:55 - Filters - INFO - Init Sobel Operator with arguments: ddepth = 6 dx = 1 dy = 0 ksize = 3 scale = 3 delta = 0 borderType = 4
2026-02-19 17:09:55 - Filters - INFO - Sobel Operator success executed
2026-02-19 17:10:41 - Filters - INFO - Init Gaussian Blur filter with arguments: sigmaX = 5, sigmaY = 5, ksize = (0, 0), borderType = 0
2026-02-19 17:10:41 - Filters - INFO - Gaussian Blur filter success executed
2026-02-19 17:10:42 - Filters - INFO - Init Canny Edge Detection with arguments: thresholdInf = 1, thresholdSup = 100, aptureSize = 3, L2gradient = False
2026-02-19 17:10:42 - Filters - INFO - Canny Edge Detection success executed
2026-02-19 17:10:42 - Filters - INFO - Init Median Filter with arguments: kernel size = 7
2026-02-19 17:10:42 - Filters - INFO - Median Filter success executed
2026-02-19 17:10:43 - Filters - INFO - Init Average Filter with arguments: kernel size = 3 anchor = (3, 3) borderType = 4
2026-02-19 17:10:43 - Filters - WARNING - Invalid anchor (3, 3) for kernel size (3, 3) Anchor values must satisfy 0 <= anchor < ksize. The system used (-1,-1) for anchor default.
2026-02-19 17:10:43 - Filters - INFO - Average Filter success executed
2026-02-19 17:10:43 - Filters - INFO - Init Bilateral Filter with arguments: kernel size = 9 sigmaColor = 100 sigmaSpace = 75 borderType = 4
2026-02-19 17:10:43 - Filters - INFO - Bilateral Filter success executed
2026-02-19 17:10:45 - Filters - INFO - Init Sobel Operator with arguments: ddepth = 6 dx = 1 dy = 0 ksize = 3 scale = 3 delta = 0 borderType = 4
2026-02-19 17:10:45 - Filters - INFO - Sobel Operator success executed
2026-02-19 17:11:08 - Filters - INFO - Init Gaussian Blur filter with arguments: sigmaX = 5, sigmaY = 5, ksize = (0, 0), borderType = 0
2026-02-19 17:11:08 - Filters - INFO - Gaussian Blur filter success executed
2026-02-19 17:11:08 - Filters - INFO - Init Canny Edge Detection with arguments: thresholdInf = 1, thresholdSup = 100, aptureSize = 3, L2gradient = False
2026-02-19 17:11:08 - Filters - INFO - Canny Edge Detection success executed
2026-02-19 17:11:08 - Filters - INFO - Init Median Filter with arguments: kernel size = 7
2026-02-19 17:11:08 - Filters - INFO - Median Filter success executed
2026-02-19 17:11:08 - Filters - INFO - Init Average Filter with arguments: kernel size = 3 anchor = (3, 3) borderType = 4
2026-02-19 17:11:08 - Filters - WARNING - Invalid anchor (3, 3) for kernel size (3, 3) Anchor values must satisfy 0 <= anchor < ksize. The system used (-1,-1) for anchor default.
2026-02-19 17:11:08 - Filters - INFO - Average Filter success executed
2026-02-19 17:11:08 - Filters - INFO - Init Bilateral Filter with arguments: kernel size = 9 sigmaColor = 100 sigmaSpace = 75 borderType = 4
2026-02-19 17:11:09 - Filters - INFO - Bilateral Filter success executed
2026-02-19 17:11:09 - Filters - INFO - Init Sobel Operator with arguments: ddepth = 6 dx = 1 dy = 0 ksize = 3 scale = 3 delta = 0 borderType = 4
2026-02-19 17:11:23 - Filters - INFO - Init Gaussian Blur filter with arguments: sigmaX = 5, sigmaY = 5, ksize = (0, 0), borderType = 0
2026-02-19 17:11:23 - Filters - INFO - Gaussian Blur filter success executed
2026-02-19 17:11:23 - Filters - INFO - Init Canny Edge Detection with arguments: thresholdInf = 1, thresholdSup = 100, aptureSize = 3, L2gradient = False
2026-02-19 17:11:23 - Filters - INFO - Canny Edge Detection success executed
2026-02-19 17:11:23 - Filters - INFO - Init Median Filter with arguments: kernel size = 7
2026-02-19 17:11:24 - Filters - INFO - Median Filter success executed
2026-02-19 17:11:24 - Filters - INFO - Init Average Filter with arguments: kernel size = 3 anchor = (3, 3) borderType = 4
2026-02-19 17:11:24 - Filters - WARNING - Invalid anchor (3, 3) for kernel size (3, 3) Anchor values must satisfy 0 <= anchor < ksize. The system used (-1,-1) for anchor default.
2026-02-19 17:11:24 - Filters - INFO - Average Filter success executed
2026-02-19 17:11:25 - Filters - INFO - Init Bilateral Filter with arguments: kernel size = 9 sigmaColor = 100 sigmaSpace = 75 borderType = 4
2026-02-19 17:11:25 - Filters - INFO - Bilateral Filter success executed
2026-02-19 17:11:26 - Filters - INFO - Init Sobel Operator with arguments: ddepth = 6 dx = 1 dy = 0 ksize = 3 scale = 3 delta = 0 borderType = 4
2026-02-19 17:11:26 - Filters - INFO - Sobel Operator success executed
2026-02-19 17:13:49 - Filters - INFO - Init Gaussian Blur filter with arguments: sigmaX = 5, sigmaY = 5, ksize = (0, 0), borderType = 0
2026-02-19 17:13:49 - Filters - INFO - Gaussian Blur filter success executed
2026-02-19 17:13:50 - Filters - INFO - Init Canny Edge Detection with arguments: thresholdInf = 1, thresholdSup = 100, aptureSize = 3, L2gradient = False
2026-02-19 17:13:50 - Filters - INFO - Canny Edge Detection success executed
2026-02-19 17:13:51 - Filters - INFO - Init Median Filter with arguments: kernel size = 7
2026-02-19 17:13:51 - Filters - INFO - Median Filter success executed
2026-02-19 17:13:51 - Filters - INFO - Init Average Filter with arguments: kernel size = 3 anchor = (3, 3) borderType = 4
2026-02-19 17:13:51 - Filters - WARNING - Invalid anchor (3, 3) for kernel size (3, 3) Anchor values must satisfy 0 <= anchor < ksize. The system used (-1,-1) for anchor default.
2026-02-19 17:13:51 - Filters - INFO - Average Filter success executed
2026-02-19 17:13:52 - Filters - INFO - Init Bilateral Filter with arguments: kernel size = 9 sigmaColor = 100 sigmaSpace = 75 borderType = 4
2026-02-19 17:13:52 - Filters - INFO - Bilateral Filter success executed
2026-02-19 17:13:53 - Filters - INFO - Init Sobel Operator with arguments: ddepth = 6 dx = 1 dy = 0 ksize = 3 scale = 3 delta = 0 borderType = 4
2026-02-19 17:13:53 - Filters - INFO - Sobel Operator success executed
2026-02-19 17:16:33 - Filters - INFO - Init Gaussian Blur filter with arguments: sigmaX = 5, sigmaY = 5, ksize = (0, 0), borderType = 0
2026-02-19 17:16:33 - Filters - INFO - Gaussian Blur filter success executed
2026-02-19 17:16:34 - Filters - INFO - Init Canny Edge Detection with arguments: thresholdInf = 1, thresholdSup = 100, aptureSize = 3, L2gradient = False
2026-02-19 17:16:34 - Filters - INFO - Canny Edge Detection success executed
2026-02-19 17:16:35 - Filters - INFO - Init Median Filter with arguments: kernel size = 7
2026-02-19 17:16:35 - Filters - INFO - Median Filter success executed
2026-02-19 17:16:35 - Filters - INFO - Init Average Filter with arguments: kernel size = 3 anchor = (3, 3) borderType = 4
2026-02-19 17:16:35 - Filters - WARNING - Invalid anchor (3, 3) for kernel size (3, 3) Anchor values must satisfy 0 <= anchor < ksize. The system used (-1,-1) for anchor default.
2026-02-19 17:16:35 - Filters - INFO - Average Filter success executed
2026-02-19 17:16:36 - Filters - INFO - Init Bilateral Filter with arguments: kernel size = 9 sigmaColor = 100 sigmaSpace = 75 borderType = 4
2026-02-19 17:16:36 - Filters - INFO - Bilateral Filter success executed
2026-02-19 17:16:37 - Filters - INFO - Init Sobel Operator with arguments: ddepth = 6 dx = 1 dy = 0 ksize = 3 scale = 1 delta = 0 borderType = 4
2026-02-19 17:16:37 - Filters - INFO - Sobel Operator success executed
2026-02-19 17:17:24 - Filters - INFO - Init Gaussian Blur filter with arguments: sigmaX = 5, sigmaY = 5, ksize = (0, 0), borderType = 0
2026-02-19 17:17:24 - Filters - INFO - Gaussian Blur filter success executed
2026-02-19 17:17:24 - Filters - INFO - Init Canny Edge Detection with arguments: thresholdInf = 1, thresholdSup = 100, aptureSize = 3, L2gradient = False
2026-02-19 17:17:24 - Filters - INFO - Canny Edge Detection success executed
2026-02-19 17:17:25 - Filters - INFO - Init Median Filter with arguments: kernel size = 7
2026-02-19 17:17:25 - Filters - INFO - Median Filter success executed
2026-02-19 17:17:26 - Filters - INFO - Init Average Filter with arguments: kernel size = 3 anchor = (3, 3) borderType = 4
2026-02-19 17:17:26 - Filters - WARNING - Invalid anchor (3, 3) for kernel size (3, 3) Anchor values must satisfy 0 <= anchor < ksize. The system used (-1,-1) for anchor default.
2026-02-19 17:17:26 - Filters - INFO - Average Filter success executed
2026-02-19 17:17:27 - Filters - INFO - Init Bilateral Filter with arguments: kernel size = 9 sigmaColor = 100 sigmaSpace = 75 borderType = 4
2026-02-19 17:17:27 - Filters - INFO - Bilateral Filter success executed
2026-02-19 17:17:27 - Filters - INFO - Init Sobel Operator with arguments: ddepth = 6 dx = 1 dy = 0 ksize = 3 scale = 1 delta = 0 borderType = 4
2026-02-19 17:17:27 - Filters - INFO - Sobel Operator success executed
2026-02-19 17:18:36 - Filters - INFO - Init Gaussian Blur filter with arguments: sigmaX = 5, sigmaY = 5, ksize = (0, 0), borderType = 0
2026-02-19 17:18:36 - Filters - INFO - Gaussian Blur filter success executed
2026-02-19 17:18:37 - Filters - INFO - Init Canny Edge Detection with arguments: thresholdInf = 1, thresholdSup = 100, aptureSize = 3, L2gradient = False
2026-02-19 17:18:37 - Filters - INFO - Canny Edge Detection success executed
2026-02-19 17:18:37 - Filters - INFO - Init Median Filter with arguments: kernel size = 7
2026-02-19 17:18:38 - Filters - INFO - Median Filter success executed
2026-02-19 17:18:38 - Filters - INFO - Init Average Filter with arguments: kernel size = 3 anchor = (3, 3) borderType = 4
2026-02-19 17:18:38 - Filters - WARNING - Invalid anchor (3, 3) for kernel size (3, 3) Anchor values must satisfy 0 <= anchor < ksize. The system used (-1,-1) for anchor default.
2026-02-19 17:18:38 - Filters - INFO - Average Filter success executed
2026-02-19 17:18:39 - Filters - INFO - Init Bilateral Filter with arguments: kernel size = 9 sigmaColor = 100 sigmaSpace = 75 borderType = 4
2026-02-19 17:18:39 - Filters - INFO - Bilateral Filter success executed
2026-02-19 17:18:40 - Filters - INFO - Init Sobel Operator with arguments: ddepth = 6 dx = 1 dy = 0 ksize = 3 scale = 1 delta = 0 borderType = 4
2026-02-19 17:18:40 - Filters - INFO - Sobel Operator success executed
2026-02-19 17:18:59 - Filters - INFO - Init Gaussian Blur filter with arguments: sigmaX = 5, sigmaY = 5, ksize = (0, 0), borderType = 0
2026-02-19 17:18:59 - Filters - INFO - Gaussian Blur filter success executed
2026-02-19 17:18:59 - Filters - INFO - Init Canny Edge Detection with arguments: thresholdInf = 1, thresholdSup = 100, aptureSize = 3, L2gradient = False
2026-02-19 17:18:59 - Filters - INFO - Canny Edge Detection success executed
2026-02-19 17:18:59 - Filters - INFO - Init Median Filter with arguments: kernel size = 7
2026-02-19 17:18:59 - Filters - INFO - Median Filter success executed
2026-02-19 17:19:00 - Filters - INFO - Init Average Filter with arguments: kernel size = 3 anchor = (3, 3) borderType = 4
2026-02-19 17:19:00 - Filters - WARNING - Invalid anchor (3, 3) for kernel size (3, 3) Anchor values must satisfy 0 <= anchor < ksize. The system used (-1,-1) for anchor default.
2026-02-19 17:19:00 - Filters - INFO - Average Filter success executed
2026-02-19 17:19:00 - Filters - INFO - Init Bilateral Filter with arguments: kernel size = 9 sigmaColor = 100 sigmaSpace = 75 borderType = 4
2026-02-19 17:19:00 - Filters - INFO - Bilateral Filter success executed
2026-02-19 17:19:01 - Filters - INFO - Init Sobel Operator with arguments: ddepth = 6 dx = 0 dy = 1 ksize = 3 scale = 1 delta = 0 borderType = 4
2026-02-19 17:19:01 - Filters - INFO - Sobel Operator success executed
2026-02-19 17:19:43 - Filters - INFO - Init Gaussian Blur filter with arguments: sigmaX = 5, sigmaY = 5, ksize = (0, 0), borderType = 0
2026-02-19 17:19:43 - Filters - INFO - Gaussian Blur filter success executed
2026-02-19 17:19:43 - Filters - INFO - Init Canny Edge Detection with arguments: thresholdInf = 1, thresholdSup = 100, aptureSize = 3, L2gradient = False
2026-02-19 17:19:43 - Filters - INFO - Canny Edge Detection success executed
2026-02-19 17:19:44 - Filters - INFO - Init Median Filter with arguments: kernel size = 7
2026-02-19 17:19:44 - Filters - INFO - Median Filter success executed
2026-02-19 17:19:44 - Filters - INFO - Init Average Filter with arguments: kernel size = 3 anchor = (3, 3) borderType = 4
2026-02-19 17:19:44 - Filters - WARNING - Invalid anchor (3, 3) for kernel size (3, 3) Anchor values must satisfy 0 <= anchor < ksize. The system used (-1,-1) for anchor default.
2026-02-19 17:19:44 - Filters - INFO - Average Filter success executed
2026-02-19 17:19:45 - Filters - INFO - Init Bilateral Filter with arguments: kernel size = 9 sigmaColor = 100 sigmaSpace = 75 borderType = 4
2026-02-19 17:19:45 - Filters - INFO - Bilateral Filter success executed
2026-02-19 17:19:45 - Filters - INFO - Init Sobel Operator with arguments: ddepth = 6 dx = 0 dy = 1 ksize = 3 scale = 1 delta = 0 borderType = 4
2026-02-19 17:19:45 - Filters - INFO - Sobel Operator success executed
2026-02-19 17:20:26 - Filters - INFO - Init Gaussian Blur filter with arguments: sigmaX = 5, sigmaY = 5, ksize = (0, 0), borderType = 0
2026-02-19 17:20:26 - Filters - INFO - Gaussian Blur filter success executed
2026-02-19 17:20:26 - Filters - INFO - Init Canny Edge Detection with arguments: thresholdInf = 1, thresholdSup = 100, aptureSize = 3, L2gradient = False
2026-02-19 17:20:26 - Filters - INFO - Canny Edge Detection success executed
2026-02-19 17:20:26 - Filters - INFO - Init Median Filter with arguments: kernel size = 7
2026-02-19 17:20:26 - Filters - INFO - Median Filter success executed
2026-02-19 17:20:26 - Filters - INFO - Init Average Filter with arguments: kernel size = 3 anchor = (3, 3) borderType = 4
2026-02-19 17:20:26 - Filters - WARNING - Invalid anchor (3, 3) for kernel size (3, 3) Anchor values must satisfy 0 <= anchor < ksize. The system used (-1,-1) for anchor default.
2026-02-19 17:20:26 - Filters - INFO - Average Filter success executed
2026-02-19 17:20:27 - Filters - INFO - Init Bilateral Filter with arguments: kernel size = 9 sigmaColor = 100 sigmaSpace = 75 borderType = 4
2026-02-19 17:20:27 - Filters - INFO - Bilateral Filter success executed
2026-02-19 17:20:27 - Filters - INFO - Init Sobel Operator with arguments: ddepth = 6 dx = 0 dy = 1 ksize = 3 scale = 1 delta = 0 borderType = 4
2026-02-19 17:20:27 - Filters - INFO - Sobel Operator success executed
2026-02-19 17:20:39 - Filters - INFO - Init Gaussian Blur filter with arguments: sigmaX = 5, sigmaY = 5, ksize = (0, 0), borderType = 0
2026-02-19 17:20:39 - Filters - INFO - Gaussian Blur filter success executed
2026-02-19 17:20:39 - Filters - INFO - Init Canny Edge Detection with arguments: thresholdInf = 1, thresholdSup = 100, aptureSize = 3, L2gradient = False
2026-02-19 17:20:39 - Filters - INFO - Canny Edge Detection success executed
2026-02-19 17:20:39 - Filters - INFO - Init Median Filter with arguments: kernel size = 7
2026-02-19 17:20:39 - Filters - INFO - Median Filter success executed
2026-02-19 17:20:39 - Filters - INFO - Init Average Filter with arguments: kernel size = 3 anchor = (3, 3) borderType = 4
2026-02-19 17:20:39 - Filters - WARNING - Invalid anchor (3, 3) for kernel size (3, 3) Anchor values must satisfy 0 <= anchor < ksize. The system used (-1,-1) for anchor default.
2026-02-19 17:20:39 - Filters - INFO - Average Filter success executed
2026-02-19 17:20:39 - Filters - INFO - Init Bilateral Filter with arguments: kernel size = 9 sigmaColor = 100 sigmaSpace = 75 borderType = 4
2026-02-19 17:20:39 - Filters - INFO - Bilateral Filter success executed
2026-02-19 17:20:40 - Filters - INFO - Init Sobel Operator with arguments: ddepth = 6 dx = 0 dy = 1 ksize = 3 scale = 1 delta = 0 borderType = 4
2026-02-19 17:20:40 - Filters - INFO - Sobel Operator success executed
2026-02-19 17:20:50 - Filters - INFO - Init Gaussian Blur filter with arguments: sigmaX = 5, sigmaY = 5, ksize = (0, 0), borderType = 0
2026-02-19 17:20:50 - Filters - INFO - Gaussian Blur filter success executed
2026-02-19 17:20:50 - Filters - INFO - Init Canny Edge Detection with arguments: thresholdInf = 1, thresholdSup = 100, aptureSize = 3, L2gradient = False
2026-02-19 17:20:50 - Filters - INFO - Canny Edge Detection success executed
2026-02-19 17:20:52 - Filters - INFO - Init Median Filter with arguments: kernel size = 7
2026-02-19 17:20:52 - Filters - INFO - Median Filter success executed
2026-02-19 17:20:52 - Filters - INFO - Init Average Filter with arguments: kernel size = 3 anchor = (3, 3) borderType = 4
2026-02-19 17:20:52 - Filters - WARNING - Invalid anchor (3, 3) for kernel size (3, 3) Anchor values must satisfy 0 <= anchor < ksize. The system used (-1,-1) for anchor default.
2026-02-19 17:20:52 - Filters - INFO - Average Filter success executed
2026-02-19 17:20:52 - Filters - INFO - Init Bilateral Filter with arguments: kernel size = 9 sigmaColor = 100 sigmaSpace = 75 borderType = 4
2026-02-19 17:20:52 - Filters - INFO - Bilateral Filter success executed
2026-02-19 17:20:53 - Filters - INFO - Init Sobel Operator with arguments: ddepth = 6 dx = 0 dy = 1 ksize = 3 scale = 1 delta = 0 borderType = 4
2026-02-19 17:20:53 - Filters - INFO - Sobel Operator success executed
2026-02-19 17:21:07 - Filters - INFO - Init Gaussian Blur filter with arguments: sigmaX = 5, sigmaY = 5, ksize = (0, 0), borderType = 0
2026-02-19 17:21:07 - Filters - INFO - Gaussian Blur filter success executed
2026-02-19 17:21:08 - Filters - INFO - Init Canny Edge Detection with arguments: thresholdInf = 1, thresholdSup = 100, aptureSize = 3, L2gradient = False
2026-02-19 17:21:08 - Filters - INFO - Canny Edge Detection success executed
2026-02-19 17:21:08 - Filters - INFO - Init Median Filter with arguments: kernel size = 7
2026-02-19 17:21:08 - Filters - INFO - Median Filter success executed
2026-02-19 17:21:09 - Filters - INFO - Init Average Filter with arguments: kernel size = 3 anchor = (3, 3) borderType = 4
2026-02-19 17:21:09 - Filters - WARNING - Invalid anchor (3, 3) for kernel size (3, 3) Anchor values must satisfy 0 <= anchor < ksize. The system used (-1,-1) for anchor default.
2026-02-19 17:21:10 - Filters - INFO - Average Filter success executed
2026-02-19 17:21:10 - Filters - INFO - Init Bilateral Filter with arguments: kernel size = 9 sigmaColor = 100 sigmaSpace = 75 borderType = 4
2026-02-19 17:21:10 - Filters - INFO - Bilateral Filter success executed
2026-02-19 17:21:11 - Filters - INFO - Init Sobel Operator with arguments: ddepth = 6 dx = 0 dy = 1 ksize = 3 scale = 1 delta = 0 borderType = 4
2026-02-19 17:21:11 - Filters - INFO - Sobel Operator success executed
2026-02-19 17:21:23 - Filters - INFO - Init Gaussian Blur filter with arguments: sigmaX = 5, sigmaY = 5, ksize = (0, 0), borderType = 0
2026-02-19 17:21:23 - Filters - INFO - Gaussian Blur filter success executed
2026-02-19 17:21:23 - Filters - INFO - Init Canny Edge Detection with arguments: thresholdInf = 1, thresholdSup = 100, aptureSize = 3, L2gradient = False
2026-02-19 17:21:23 - Filters - INFO - Canny Edge Detection success executed
2026-02-19 17:21:23 - Filters - INFO - Init Median Filter with arguments: kernel size = 7
2026-02-19 17:21:23 - Filters - INFO - Median Filter success executed
2026-02-19 17:21:24 - Filters - INFO - Init Average Filter with arguments: kernel size = 3 anchor = (3, 3) borderType = 4
2026-02-19 17:21:24 - Filters - WARNING - Invalid anchor (3, 3) for kernel size (3, 3) Anchor values must satisfy 0 <= anchor < ksize. The system used (-1,-1) for anchor default.
2026-02-19 17:21:24 - Filters - INFO - Average Filter success executed
2026-02-19 17:21:25 - Filters - INFO - Init Bilateral Filter with arguments: kernel size = 9 sigmaColor = 100 sigmaSpace = 75 borderType = 4
2026-02-19 17:21:25 - Filters - INFO - Bilateral Filter success executed
2026-02-19 17:21:25 - Filters - INFO - Init Sobel Operator with arguments: ddepth = 6 dx = 0 dy = 1 ksize = 3 scale = 1 delta = 0 borderType = 4
2026-02-19 17:21:25 - Filters - INFO - Sobel Operator success executed
2026-02-19 17:22:08 - Filters - INFO - Init Gaussian Blur filter with arguments: sigmaX = 5, sigmaY = 5, ksize = (0, 0), borderType = 0
2026-02-19 17:22:08 - Filters - INFO - Gaussian Blur filter success executed
2026-02-19 17:22:09 - Filters - INFO - Init Canny Edge Detection with arguments: thresholdInf = 1, thresholdSup = 100, aptureSize = 3, L2gradient = False
2026-02-19 17:22:09 - Filters - INFO - Canny Edge Detection success executed
2026-02-19 17:22:09 - Filters - INFO - Init Median Filter with arguments: kernel size = 7
2026-02-19 17:22:09 - Filters - INFO - Median Filter success executed
2026-02-19 17:22:10 - Filters - INFO - Init Average Filter with arguments: kernel size = 3 anchor = (3, 3) borderType = 4
2026-02-19 17:22:10 - Filters - WARNING - Invalid anchor (3, 3) for kernel size (3, 3) Anchor values must satisfy 0 <= anchor < ksize. The system used (-1,-1) for anchor default.
2026-02-19 17:22:10 - Filters - INFO - Average Filter success executed
2026-02-19 17:22:10 - Filters - INFO - Init Bilateral Filter with arguments: kernel size = 9 sigmaColor = 100 sigmaSpace = 75 borderType = 4
2026-02-19 17:22:10 - Filters - INFO - Bilateral Filter success executed
2026-02-19 17:22:10 - Filters - INFO - Init Sobel Operator with arguments: ddepth = 6 dx = 0 dy = 1 ksize = 3 scale = 1 delta = 0 borderType = 4
2026-02-19 17:22:10 - Filters - INFO - Sobel Operator success executed
2026-02-19 17:22:26 - Filters - INFO - Init Gaussian Blur filter with arguments: sigmaX = 5, sigmaY = 5, ksize = (0, 0), borderType = 0
2026-02-19 17:22:26 - Filters - INFO - Gaussian Blur filter success executed
2026-02-19 17:22:27 - Filters - INFO - Init Canny Edge Detection with arguments: thresholdInf = 1, thresholdSup = 100, aptureSize = 3, L2gradient = False
2026-02-19 17:22:27 - Filters - INFO - Canny Edge Detection success executed
2026-02-19 17:22:27 - Filters - INFO - Init Median Filter with arguments: kernel size = 7
2026-02-19 17:22:27 - Filters - INFO - Median Filter success executed
2026-02-19 17:22:27 - Filters - INFO - Init Average Filter with arguments: kernel size = 3 anchor = (3, 3) borderType = 4
2026-02-19 17:22:27 - Filters - WARNING - Invalid anchor (3, 3) for kernel size (3, 3) Anchor values must satisfy 0 <= anchor < ksize. The system used (-1,-1) for anchor default.
2026-02-19 17:22:27 - Filters - INFO - Average Filter success executed
2026-02-19 17:22:27 - Filters - INFO - Init Bilateral Filter with arguments: kernel size = 9 sigmaColor = 100 sigmaSpace = 75 borderType = 4
2026-02-19 17:22:28 - Filters - INFO - Bilateral Filter success executed
2026-02-19 17:22:28 - Filters - INFO - Init Sobel Operator with arguments: ddepth = 6 dx = 0 dy = 1 ksize = 3 scale = 1 delta = 0 borderType = 4
2026-02-19 17:22:28 - Filters - INFO - Sobel Operator success executed
2026-02-19 17:25:20 - Filters - INFO - Init Gaussian Blur filter with arguments: sigmaX = 5, sigmaY = 5, ksize = (0, 0), borderType = 0
2026-02-19 17:25:20 - Filters - INFO - Gaussian Blur filter success executed
2026-02-19 17:25:20 - Filters - INFO - Init Canny Edge Detection with arguments: thresholdInf = 1, thresholdSup = 100, aptureSize = 3, L2gradient = False
2026-02-19 17:25:20 - Filters - INFO - Canny Edge Detection success executed
2026-02-19 17:25:20 - Filters - INFO - Init Median Filter with arguments: kernel size = 7
2026-02-19 17:25:20 - Filters - INFO - Median Filter success executed
2026-02-19 17:25:21 - Filters - INFO - Init Average Filter with arguments: kernel size = 3 anchor = (3, 3) borderType = 4
2026-02-19 17:25:21 - Filters - WARNING - Invalid anchor (3, 3) for kernel size (3, 3) Anchor values must satisfy 0 <= anchor < ksize. The system used (-1,-1) for anchor default.
2026-02-19 17:25:21 - Filters - INFO - Average Filter success executed
2026-02-19 17:25:21 - Filters - INFO - Init Bilateral Filter with arguments: kernel size = 9 sigmaColor = 100 sigmaSpace = 75 borderType = 4
2026-02-19 17:25:21 - Filters - INFO - Bilateral Filter success executed
2026-02-19 17:25:22 - Filters - INFO - Init Sobel Operator with arguments: ddepth = 6 dx = 0 dy = 1 ksize = 3 scale = 1 delta = 0 borderType = 4
2026-02-19 17:25:22 - Filters - INFO - Sobel Operator success executed
2026-02-19 17:25:32 - Filters - INFO - Init Gaussian Blur filter with arguments: sigmaX = 5, sigmaY = 5, ksize = (0, 0), borderType = 0
2026-02-19 17:25:32 - Filters - INFO - Gaussian Blur filter success executed
2026-02-19 17:25:32 - Filters - INFO - Init Canny Edge Detection with arguments: thresholdInf = 1, thresholdSup = 100, aptureSize = 3, L2gradient = False
2026-02-19 17:25:32 - Filters - INFO - Canny Edge Detection success executed
2026-02-19 17:25:32 - Filters - INFO - Init Median Filter with arguments: kernel size = 7
2026-02-19 17:25:32 - Filters - INFO - Median Filter success executed
2026-02-19 17:25:32 - Filters - INFO - Init Average Filter with arguments: kernel size = 3 anchor = (3, 3) borderType = 4
2026-02-19 17:25:32 - Filters - WARNING - Invalid anchor (3, 3) for kernel size (3, 3) Anchor values must satisfy 0 <= anchor < ksize. The system used (-1,-1) for anchor default.
2026-02-19 17:25:32 - Filters - INFO - Average Filter success executed
2026-02-19 17:25:33 - Filters - INFO - Init Bilateral Filter with arguments: kernel size = 9 sigmaColor = 100 sigmaSpace = 75 borderType = 4
2026-02-19 17:25:33 - Filters - INFO - Bilateral Filter success executed
2026-02-19 17:25:33 - Filters - INFO - Init Sobel Operator with arguments: ddepth = 6 dx = 0 dy = 1 ksize = 3 scale = 1 delta = 0 borderType = 4
2026-02-19 17:25:33 - Filters - INFO - Sobel Operator success executed
2026-02-19 17:26:15 - Filters - INFO - Init Gaussian Blur filter with arguments: sigmaX = 5, sigmaY = 5, ksize = (0, 0), borderType = 0
2026-02-19 17:26:15 - Filters - INFO - Gaussian Blur filter success executed
2026-02-19 17:26:16 - Filters - INFO - Init Canny Edge Detection with arguments: thresholdInf = 1, thresholdSup = 100, aptureSize = 3, L2gradient = False
2026-02-19 17:26:16 - Filters - INFO - Canny Edge Detection success executed
2026-02-19 17:26:16 - Filters - INFO - Init Median Filter with arguments: kernel size = 7
2026-02-19 17:26:16 - Filters - INFO - Median Filter success executed
2026-02-19 17:26:16 - Filters - INFO - Init Average Filter with arguments: kernel size = 3 anchor = (3, 3) borderType = 4
2026-02-19 17:26:16 - Filters - WARNING - Invalid anchor (3, 3) for kernel size (3, 3) Anchor values must satisfy 0 <= anchor < ksize. The system used (-1,-1) for anchor default.
2026-02-19 17:26:16 - Filters - INFO - Average Filter success executed
2026-02-19 17:26:17 - Filters - INFO - Init Bilateral Filter with arguments: kernel size = 9 sigmaColor = 100 sigmaSpace = 75 borderType = 4
2026-02-19 17:26:17 - Filters - INFO - Bilateral Filter success executed
2026-02-19 17:26:17 - Filters - INFO - Init Sobel Operator with arguments: ddepth = 6 dx = 0 dy = 1 ksize = 3 scale = 1 delta = 0 borderType = 4
2026-02-19 17:26:17 - Filters - INFO - Sobel Operator success executed
2026-02-19 17:26:26 - Filters - INFO - Init Gaussian Blur filter with arguments: sigmaX = 5, sigmaY = 5, ksize = (0, 0), borderType = 0
2026-02-19 17:26:26 - Filters - INFO - Gaussian Blur filter success executed
2026-02-19 17:26:26 - Filters - INFO - Init Canny Edge Detection with arguments: thresholdInf = 1, thresholdSup = 100, aptureSize = 3, L2gradient = False
2026-02-19 17:26:26 - Filters - INFO - Canny Edge Detection success executed
2026-02-19 17:26:26 - Filters - INFO - Init Median Filter with arguments: kernel size = 7
2026-02-19 17:26:26 - Filters - INFO - Median Filter success executed
2026-02-19 17:26:26 - Filters - INFO - Init Average Filter with arguments: kernel size = 3 anchor = (3, 3) borderType = 4
2026-02-19 17:26:26 - Filters - WARNING - Invalid anchor (3, 3) for kernel size (3, 3) Anchor values must satisfy 0 <= anchor < ksize. The system used (-1,-1) for anchor default.
2026-02-19 17:26:26 - Filters - INFO - Average Filter success executed
2026-02-19 17:26:27 - Filters - INFO - Init Bilateral Filter with arguments: kernel size = 9 sigmaColor = 100 sigmaSpace = 75 borderType = 4
2026-02-19 17:26:27 - Filters - INFO - Bilateral Filter success executed
2026-02-19 17:26:27 - Filters - INFO - Init Sobel Operator with arguments: ddepth = 6 dx = 0 dy = 1 ksize = 3 scale = 1 delta = 0 borderType = 4
2026-02-19 17:26:27 - Filters - INFO - Sobel Operator success executed
2026-02-19 17:27:00 - Filters - INFO - Init Gaussian Blur filter with arguments: sigmaX = 5, sigmaY = 5, ksize = (0, 0), borderType = 0
2026-02-19 17:27:00 - Filters - INFO - Gaussian Blur filter success executed
2026-02-19 17:27:00 - Filters - INFO - Init Canny Edge Detection with arguments: thresholdInf = 1, thresholdSup = 100, aptureSize = 3, L2gradient = False
2026-02-19 17:27:00 - Filters - INFO - Canny Edge Detection success executed
2026-02-19 17:27:00 - Filters - INFO - Init Median Filter with arguments: kernel size = 7
2026-02-19 17:27:00 - Filters - INFO - Median Filter success executed
2026-02-19 17:27:00 - Filters - INFO - Init Average Filter with arguments: kernel size = 3 anchor = (3, 3) borderType = 4
2026-02-19 17:27:00 - Filters - WARNING - Invalid anchor (3, 3) for kernel size (3, 3) Anchor values must satisfy 0 <= anchor < ksize. The system used (-1,-1) for anchor default.
2026-02-19 17:27:00 - Filters - INFO - Average Filter success executed
2026-02-19 17:27:01 - Filters - INFO - Init Bilateral Filter with arguments: kernel size = 9 sigmaColor = 100 sigmaSpace = 75 borderType = 4
2026-02-19 17:27:01 - Filters - INFO - Bilateral Filter success executed
2026-02-19 17:27:01 - Filters - INFO - Init Sobel Operator with arguments: ddepth = 6 dx = 0 dy = 1 ksize = 3 scale = 1 delta = 0 borderType = 4
2026-02-19 17:27:01 - Filters - INFO - Sobel Operator success executed
2026-02-19 17:27:13 - Filters - INFO - Init Gaussian Blur filter with arguments: sigmaX = 5, sigmaY = 5, ksize = (0, 0), borderType = 0
2026-02-19 17:27:13 - Filters - INFO - Gaussian Blur filter success executed
2026-02-19 17:27:13 - Filters - INFO - Init Canny Edge Detection with arguments: thresholdInf = 1, thresholdSup = 100, aptureSize = 3, L2gradient = False
2026-02-19 17:27:13 - Filters - INFO - Canny Edge Detection success executed
2026-02-19 17:27:13 - Filters - INFO - Init Median Filter with arguments: kernel size = 7
2026-02-19 17:27:13 - Filters - INFO - Median Filter success executed
2026-02-19 17:27:14 - Filters - INFO - Init Average Filter with arguments: kernel size = 3 anchor = (3, 3) borderType = 4
2026-02-19 17:27:14 - Filters - WARNING - Invalid anchor (3, 3) for kernel size (3, 3) Anchor values must satisfy 0 <= anchor < ksize. The system used (-1,-1) for anchor default.
2026-02-19 17:27:14 - Filters - INFO - Average Filter success executed
2026-02-19 17:27:14 - Filters - INFO - Init Bilateral Filter with arguments: kernel size = 9 sigmaColor = 100 sigmaSpace = 75 borderType = 4
2026-02-19 17:27:14 - Filters - INFO - Bilateral Filter success executed
2026-02-19 17:27:15 - Filters - INFO - Init Sobel Operator with arguments: ddepth = 6 dx = 0 dy = 1 ksize = 3 scale = 1 delta = None borderType = 4
2026-02-19 17:27:15 - Filters - INFO - Sobel Operator success executed
2026-02-19 17:27:23 - Filters - INFO - Init Gaussian Blur filter with arguments: sigmaX = 5, sigmaY = 5, ksize = (0, 0), borderType = 0
2026-02-19 17:27:23 - Filters - INFO - Gaussian Blur filter success executed
2026-02-19 17:27:23 - Filters - INFO - Init Canny Edge Detection with arguments: thresholdInf = 1, thresholdSup = 100, aptureSize = 3, L2gradient = False
2026-02-19 17:27:23 - Filters - INFO - Canny Edge Detection success executed
2026-02-19 17:27:24 - Filters - INFO - Init Median Filter with arguments: kernel size = 7
2026-02-19 17:27:24 - Filters - INFO - Median Filter success executed
2026-02-19 17:27:24 - Filters - INFO - Init Average Filter with arguments: kernel size = 3 anchor = (3, 3) borderType = 4
2026-02-19 17:27:24 - Filters - WARNING - Invalid anchor (3, 3) for kernel size (3, 3) Anchor values must satisfy 0 <= anchor < ksize. The system used (-1,-1) for anchor default.
2026-02-19 17:27:24 - Filters - INFO - Average Filter success executed
2026-02-19 17:27:25 - Filters - INFO - Init Bilateral Filter with arguments: kernel size = 9 sigmaColor = 100 sigmaSpace = 75 borderType = 4
2026-02-19 17:27:25 - Filters - INFO - Bilateral Filter success executed
2026-02-19 17:27:25 - Filters - INFO - Init Sobel Operator with arguments: ddepth = 6 dx = 0 dy = 1 ksize = 3 scale = 1 delta = None borderType = 4
2026-02-19 17:27:25 - Filters - INFO - Sobel Operator success executed
